[debug] [2023-03-28T23:02:46.730Z] ----------------------------------------------------------------------
[debug] [2023-03-28T23:02:46.732Z] Command:       /home/kevin/.config/nvm/versions/node/v16.19.0/bin/node /home/kevin/.config/nvm/versions/node/v16.19.0/bin/firebase init
[debug] [2023-03-28T23:02:46.733Z] CLI Version:   11.25.2
[debug] [2023-03-28T23:02:46.733Z] Platform:      linux
[debug] [2023-03-28T23:02:46.733Z] Node Version:  v16.19.0
[debug] [2023-03-28T23:02:46.733Z] Time:          Wed Mar 29 2023 07:02:46 GMT+0800 (Philippine Standard Time)
[debug] [2023-03-28T23:02:46.733Z] ----------------------------------------------------------------------
[debug] 
[debug] [2023-03-28T23:02:46.738Z] > command requires scopes: ["email","openid","https://www.googleapis.com/auth/cloudplatformprojects.readonly","https://www.googleapis.com/auth/firebase","https://www.googleapis.com/auth/cloud-platform"]
[debug] [2023-03-28T23:02:46.738Z] > authorizing via signed-in user (maria.makiling.xx0001@gmail.com)
[info] 
     ######## #### ########  ######## ########     ###     ######  ########
     ##        ##  ##     ## ##       ##     ##  ##   ##  ##       ##
     ######    ##  ########  ######   ########  #########  ######  ######
     ##        ##  ##    ##  ##       ##     ## ##     ##       ## ##
     ##       #### ##     ## ######## ########  ##     ##  ######  ########

You're about to initialize a Firebase project in this directory:

  /home/kevin/Documents/__PERSONAL/small-scale-mining-company

[info] 
=== Project Setup
[info] 
[info] First, let's associate this project directory with a Firebase project.
[info] You can create multiple project aliases by running firebase use --add, 
[info] but for now we'll just set up a default project.
[info] 
[debug] [2023-03-28T23:02:56.486Z] >>> [apiv2][query] GET https://firebase.googleapis.com/v1beta1/projects pageSize=100
[debug] [2023-03-28T23:02:57.586Z] <<< [apiv2][status] GET https://firebase.googleapis.com/v1beta1/projects 200
[debug] [2023-03-28T23:02:57.587Z] <<< [apiv2][body] GET https://firebase.googleapis.com/v1beta1/projects [omitted]
[info] i  Using project small-scale-mining-company (Small Scale Mining Company) 
[info] 
=== Hosting Setup
[info] 
[info] Your public directory is the folder (relative to your project directory) that
[info] will contain Hosting assets to be uploaded with firebase deploy. If you
[info] have a build process for your assets, use your build's output directory.
[info] 
[debug] [2023-03-28T23:05:32.562Z] >>> [apiv2][query] GET https://www.gstatic.com/firebasejs/releases.json [none]
[debug] [2023-03-28T23:05:32.804Z] <<< [apiv2][status] GET https://www.gstatic.com/firebasejs/releases.json 200
[debug] [2023-03-28T23:05:32.804Z] <<< [apiv2][body] GET https://www.gstatic.com/firebasejs/releases.json {"current":{"version":"9.18.0","browserURL":"https://www.gstatic.com/firebasejs/9.18.0/firebase.js","packageURL":"https://www.gstatic.com/firebasejs/9.18.0/firebase.tgz"},"live":{"version":"9.18","browserURL":"https://www.gstatic.com/firebasejs/live/9.18/firebase.js","packageURL":"https://www.gstatic.com/firebasejs/live/9.18/firebase.tgz"},"components":{"analytics":"https://www.gstatic.com/firebasejs/9.18.0/firebase-analytics.js","app":"https://www.gstatic.com/firebasejs/9.18.0/firebase-app.js","app-check":"https://www.gstatic.com/firebasejs/9.18.0/firebase-app-check.js","auth":"https://www.gstatic.com/firebasejs/9.18.0/firebase-auth.js","auth/cordova":"https://www.gstatic.com/firebasejs/9.18.0/firebase-auth/cordova.js","auth/react-native":"https://www.gstatic.com/firebasejs/9.18.0/firebase-auth/react-native.js","functions":"https://www.gstatic.com/firebasejs/9.18.0/firebase-functions.js","firestore":"https://www.gstatic.com/firebasejs/9.18.0/firebase-firestore.js","firestore/lite":"https://www.gstatic.com/firebasejs/9.18.0/firebase-firestore/lite.js","installations":"https://www.gstatic.com/firebasejs/9.18.0/firebase-installations.js","storage":"https://www.gstatic.com/firebasejs/9.18.0/firebase-storage.js","performance":"https://www.gstatic.com/firebasejs/9.18.0/firebase-performance.js","remote-config":"https://www.gstatic.com/firebasejs/9.18.0/firebase-remote-config.js","messaging":"https://www.gstatic.com/firebasejs/9.18.0/firebase-messaging.js","messaging/sw":"https://www.gstatic.com/firebasejs/9.18.0/firebase-messaging/sw.js","database":"https://www.gstatic.com/firebasejs/9.18.0/firebase-database.js","firestore.memory":"https://www.gstatic.com/firebasejs/9.18.0/firebase-firestore.memory.js"}}
[info] i  Skipping write of //index.html 
[info] 
[info] i  Didn't detect a .git folder. Assuming /home/kevin/Documents/__PERSONAL/small-scale-mining-company is the project root. 
[info] i  Authorizing with GitHub to upload your service account to a GitHub repository's secrets store. 
[info] 
[info] Visit this URL on this device to log in:
[info] https://github.com/login/oauth/authorize?client_id=89cf50f02ac6aaed3484&state=651053473&redirect_uri=http%3A%2F%2Flocalhost%3A9005&scope=read%3Auser%20repo%20public_repo
[info] 
[info] Waiting for authentication...
[debug] [2023-03-28T23:06:22.375Z] >>> [apiv2][query] POST https://github.com/login/oauth/access_token [none]
[debug] [2023-03-28T23:06:22.376Z] >>> [apiv2][body] POST https://github.com/login/oauth/access_token [stream]
[debug] [2023-03-28T23:06:22.813Z] <<< [apiv2][status] POST https://github.com/login/oauth/access_token 200
[debug] [2023-03-28T23:06:22.814Z] <<< [apiv2][body] POST https://github.com/login/oauth/access_token {"access_token":"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","token_type":"bearer","scope":"read:user,repo"}
[debug] [2023-03-28T23:06:22.831Z] >>> [apiv2][query] GET https://api.github.com/user [none]
[debug] [2023-03-28T23:06:23.328Z] <<< [apiv2][status] GET https://api.github.com/user 200
[debug] [2023-03-28T23:06:23.328Z] <<< [apiv2][body] GET https://api.github.com/user {"login":"rookiemonkey","id":61614867,"node_id":"MDQ6VXNlcjYxNjE0ODY3","avatar_url":"https://avatars.githubusercontent.com/u/61614867?v=4","gravatar_id":"","url":"https://api.github.com/users/rookiemonkey","html_url":"https://github.com/rookiemonkey","followers_url":"https://api.github.com/users/rookiemonkey/followers","following_url":"https://api.github.com/users/rookiemonkey/following{/other_user}","gists_url":"https://api.github.com/users/rookiemonkey/gists{/gist_id}","starred_url":"https://api.github.com/users/rookiemonkey/starred{/owner}{/repo}","subscriptions_url":"https://api.github.com/users/rookiemonkey/subscriptions","organizations_url":"https://api.github.com/users/rookiemonkey/orgs","repos_url":"https://api.github.com/users/rookiemonkey/repos","events_url":"https://api.github.com/users/rookiemonkey/events{/privacy}","received_events_url":"https://api.github.com/users/rookiemonkey/received_events","type":"User","site_admin":false,"name":"Kevin Roi Basina","company":null,"blog":"https://kevinroirigorbasina.work","location":"Manila, Philippines","email":"kevinroirigorbasina@pm.me","hireable":true,"bio":null,"twitter_username":null,"public_repos":78,"public_gists":3,"followers":87,"following":81,"created_at":"2020-02-29T07:26:11Z","updated_at":"2023-03-28T23:06:21Z","private_gists":8,"total_private_repos":44,"owned_private_repos":44,"disk_usage":625323,"collaborators":3,"two_factor_authentication":true,"plan":{"name":"free","space":976562499,"collaborators":0,"private_repos":10000}}
[info] 
[info] ✔  Success! Logged into GitHub as rookiemonkey 
[info] 
